-------------------------------------------------------------------------------
Test set: tests.SearchTest
-------------------------------------------------------------------------------
Tests run: 11, Failures: 1, Errors: 0, Skipped: 0, Time elapsed: 322.653 s <<< FAILURE! - in tests.SearchTest
tests.SearchTest.checkRestore  Time elapsed: 60.519 s  <<< FAILURE!
org.opentest4j.AssertionFailedError: expected: <true> but was: <false>
	at tests.SearchTest.checkRestore(SearchTest.java:50)

